Using pre-set license
Built from '2020.2/release' branch; Version is '2020.2.1f1 (270dd8c3da1c) revision 2559448'; Using compiler version '192528614'; Build Type 'Release'
OS: 'Windows 10  (10.0.0) 64bit' Language: 'fr' Physical Memory: 16169 MB
BatchMode: 1, IsHumanControllingUs: 0, StartBugReporterOnCrash: 0, Is64bit: 1, IsPro: 0

 COMMAND LINE ARGUMENTS:
C:\Program Files\Unity\Hub\Editor\2020.2.1f1\Editor\Unity.exe
-adb2
-batchMode
-noUpm
-name
AssetImportWorker0
-projectPath
C:/Users/MaFer/Documents/Unity/Projet_28
-logFile
Logs/AssetImportWorker0.log
-srvPort
51369
Successfully changed project path to: C:/Users/MaFer/Documents/Unity/Projet_28
C:/Users/MaFer/Documents/Unity/Projet_28
Using Asset Import Pipeline V2.
Refreshing native plugins compatible for Editor in 77.67 ms, found 0 plugins.
Preloading 0 native plugins for Editor in 0.00 ms.
Initialize engine version: 2020.2.1f1 (270dd8c3da1c)
[Subsystems] Discovering subsystems at path C:/Program Files/Unity/Hub/Editor/2020.2.1f1/Editor/Data/Resources/UnitySubsystems
[Subsystems] Discovering subsystems at path C:/Users/MaFer/Documents/Unity/Projet_28/Assets
GfxDevice: creating device client; threaded=0
Direct3D:
    Version:  Direct3D 11.0 [level 11.1]
    Renderer: NVIDIA GeForce RTX 2070 (ID=0x1f14)
    Vendor:   
    VRAM:     8031 MB
    Driver:   27.21.14.5167
Initialize mono
Mono path[0] = 'C:/Program Files/Unity/Hub/Editor/2020.2.1f1/Editor/Data/Managed'
Mono path[1] = 'C:/Program Files/Unity/Hub/Editor/2020.2.1f1/Editor/Data/MonoBleedingEdge/lib/mono/unityjit'
Mono config path = 'C:/Program Files/Unity/Hub/Editor/2020.2.1f1/Editor/Data/MonoBleedingEdge/etc'
Using monoOptions --debugger-agent=transport=dt_socket,embedding=1,server=y,suspend=n,address=127.0.0.1:56768
Begin MonoManager ReloadAssembly
Registering precompiled unity dll's ...
Register platform support module: C:/Program Files/Unity/Hub/Editor/2020.2.1f1/Editor/Data/PlaybackEngines/WindowsStandaloneSupport/UnityEditor.WindowsStandalone.Extensions.dll
Registered in 0.002789 seconds.
Native extension for WindowsStandalone target not found
Refreshing native plugins compatible for Editor in 81.84 ms, found 0 plugins.
Preloading 0 native plugins for Editor in 0.00 ms.
Invoked RoslynAnalysisRunner static constructor.
RoslynAnalysisRunner will not be running.
RoslynAnalysisRunner has terminated.
Mono: successfully reloaded assembly
- Completed reload, in  1.539 seconds
Platform modules already initialized, skipping
Registering precompiled user dll's ...
Registered in 0.002086 seconds.
Begin MonoManager ReloadAssembly
Native extension for WindowsStandalone target not found
Refreshing native plugins compatible for Editor in 78.27 ms, found 0 plugins.
Preloading 0 native plugins for Editor in 0.00 ms.
Invoked RoslynAnalysisRunner static constructor.
RoslynAnalysisRunner will not be running.
RoslynAnalysisRunner has terminated.
Mono: successfully reloaded assembly
- Completed reload, in  1.386 seconds
Platform modules already initialized, skipping
========================================================================
Worker process is ready to serve import requests
Shader 'Universal Render Pipeline/Particles/Lit': fallback shader 'Universal Render Pipeline/Particles/SimpleLit' not found
Shader 'Universal Render Pipeline/Particles/Lit': fallback shader 'Universal Render Pipeline/Particles/SimpleLit' not found
Launched and connected shader compiler UnityShaderCompiler.exe after 0.05 seconds
Refreshing native plugins compatible for Editor in 0.60 ms, found 0 plugins.
Preloading 0 native plugins for Editor in 0.00 ms.
Unloading 2763 Unused Serialized files (Serialized files now loaded: 0)
System memory in use before: 144.0 MB.
System memory in use after: 142.5 MB.

Unloading 42 unused Assets to reduce memory usage. Loaded Objects now: 3205.
Total: 5.667800 ms (FindLiveObjects: 0.394000 ms CreateObjectMapping: 0.267100 ms MarkObjects: 3.111800 ms  DeleteObjects: 1.892600 ms)

========================================================================
Received Import Request.
  path: Assets/Assets/Pierres/Cave - BigRocks1.png
  artifactKey: Guid(93700b871c5d2f04cafc0835dbc9b113) Importer(815301076,1909f56bfc062723c751e8b465ee728b)
Start importing Assets/Assets/Pierres/Cave - BigRocks1.png using Guid(93700b871c5d2f04cafc0835dbc9b113) Importer(815301076,1909f56bfc062723c751e8b465ee728b)  -> (artifact id: '35657ffe27e1de16c86015a374ea98f6') in 0.096301 seconds
  Import took 0.101773 seconds .

========================================================================
Received Import Request.
  Time since last request: 8.593942 seconds.
  path: Assets/Assets/Pierres/Cave - BigRocks1.png
  artifactKey: Guid(93700b871c5d2f04cafc0835dbc9b113) Importer(815301076,1909f56bfc062723c751e8b465ee728b)
Start importing Assets/Assets/Pierres/Cave - BigRocks1.png using Guid(93700b871c5d2f04cafc0835dbc9b113) Importer(815301076,1909f56bfc062723c751e8b465ee728b)  -> (artifact id: 'f838a0bf04afc8d9598213ea7ba08a69') in 0.113677 seconds
  Import took 0.119589 seconds .

========================================================================
Received Import Request.
  Time since last request: 78537.201064 seconds.
  path: Assets/Scenes/REAL_SCENE.unity
  artifactKey: Guid(bbfd782e02feba540b7c9f233eea9364) Importer(815301076,1909f56bfc062723c751e8b465ee728b)
Start importing Assets/Scenes/REAL_SCENE.unity using Guid(bbfd782e02feba540b7c9f233eea9364) Importer(815301076,1909f56bfc062723c751e8b465ee728b)  -> (artifact id: 'cfe539f66e118a0edc7b39c89e1caf5c') in 0.029675 seconds
  Import took 0.094904 seconds .

